G:\学习\数据结构\课设\CONSOLEAPPLICATION3\CONSOLEAPPLICATION3\DEBUG\源.OBJ
G:\学习\数据结构\课设\CONSOLEAPPLICATION3\CONSOLEAPPLICATION3\DEBUG\VC110.PDB
G:\学习\数据结构\课设\CONSOLEAPPLICATION3\DEBUG\CONSOLEAPPLICATION3.ILK
G:\学习\数据结构\课设\CONSOLEAPPLICATION3\DEBUG\CONSOLEAPPLICATION3.EXE
G:\学习\数据结构\课设\CONSOLEAPPLICATION3\DEBUG\CONSOLEAPPLICATION3.PDB
G:\学习\数据结构\课设\ConsoleApplication3\ConsoleApplication3\Debug\源.obj
G:\学习\数据结构\课设\ConsoleApplication3\ConsoleApplication3\Debug\cl.command.1.tlog
G:\学习\数据结构\课设\ConsoleApplication3\ConsoleApplication3\Debug\CL.read.1.tlog
G:\学习\数据结构\课设\ConsoleApplication3\ConsoleApplication3\Debug\CL.write.1.tlog
G:\学习\数据结构\课设\ConsoleApplication3\ConsoleApplication3\Debug\link-cvtres.read.1.tlog
G:\学习\数据结构\课设\ConsoleApplication3\ConsoleApplication3\Debug\link-cvtres.write.1.tlog
G:\学习\数据结构\课设\ConsoleApplication3\ConsoleApplication3\Debug\link-rc.read.1.tlog
G:\学习\数据结构\课设\ConsoleApplication3\ConsoleApplication3\Debug\link-rc.write.1.tlog
G:\学习\数据结构\课设\ConsoleApplication3\ConsoleApplication3\Debug\link.command.1.tlog
G:\学习\数据结构\课设\ConsoleApplication3\ConsoleApplication3\Debug\link.read.1.tlog
G:\学习\数据结构\课设\ConsoleApplication3\ConsoleApplication3\Debug\link.write.1.tlog
G:\学习\数据结构\课设\ConsoleApplication3\ConsoleApplication3\Debug\vc110.idb
G:\学习\数据结构\课设\ConsoleApplication3\ConsoleApplication3\Debug\vc110.pdb
G:\学习\数据结构\课设\ConsoleApplication3\Debug\ConsoleApplication3.pdb
G:\学习\数据结构\课设\ConsoleApplication3\Debug\ConsoleApplication3.exe
G:\学习\数据结构\课设\ConsoleApplication3\Debug\ConsoleApplication3.ilk
