G:\学习\数据结构\课设\CONSOLEAPPLICATION8\CONSOLEAPPLICATION8\DEBUG\文件.OBJ
G:\学习\数据结构\课设\CONSOLEAPPLICATION8\CONSOLEAPPLICATION8\DEBUG\源.OBJ
G:\学习\数据结构\课设\CONSOLEAPPLICATION8\CONSOLEAPPLICATION8\DEBUG\源1.OBJ
G:\学习\数据结构\课设\CONSOLEAPPLICATION8\CONSOLEAPPLICATION8\DEBUG\源2.OBJ
G:\学习\数据结构\课设\CONSOLEAPPLICATION8\CONSOLEAPPLICATION8\DEBUG\源3.OBJ
G:\学习\数据结构\课设\CONSOLEAPPLICATION8\CONSOLEAPPLICATION8\DEBUG\VC110.PDB
G:\学习\数据结构\课设\CONSOLEAPPLICATION8\DEBUG\CONSOLEAPPLICATION8.ILK
G:\学习\数据结构\课设\CONSOLEAPPLICATION8\DEBUG\CONSOLEAPPLICATION8.EXE
G:\学习\数据结构\课设\CONSOLEAPPLICATION8\DEBUG\CONSOLEAPPLICATION8.PDB
G:\学习\数据结构\课设\ConsoleApplication8\ConsoleApplication8\Debug\源.obj
G:\学习\数据结构\课设\ConsoleApplication8\ConsoleApplication8\Debug\源1.obj
G:\学习\数据结构\课设\ConsoleApplication8\ConsoleApplication8\Debug\源2.obj
G:\学习\数据结构\课设\ConsoleApplication8\ConsoleApplication8\Debug\源3.obj
G:\学习\数据结构\课设\ConsoleApplication8\ConsoleApplication8\Debug\cl.command.1.tlog
G:\学习\数据结构\课设\ConsoleApplication8\ConsoleApplication8\Debug\CL.read.1.tlog
G:\学习\数据结构\课设\ConsoleApplication8\ConsoleApplication8\Debug\CL.write.1.tlog
G:\学习\数据结构\课设\ConsoleApplication8\ConsoleApplication8\Debug\link-cvtres.read.1.tlog
G:\学习\数据结构\课设\ConsoleApplication8\ConsoleApplication8\Debug\link-cvtres.write.1.tlog
G:\学习\数据结构\课设\ConsoleApplication8\ConsoleApplication8\Debug\link-rc.read.1.tlog
G:\学习\数据结构\课设\ConsoleApplication8\ConsoleApplication8\Debug\link-rc.write.1.tlog
G:\学习\数据结构\课设\ConsoleApplication8\ConsoleApplication8\Debug\link.command.1.tlog
G:\学习\数据结构\课设\ConsoleApplication8\ConsoleApplication8\Debug\link.read.1.tlog
G:\学习\数据结构\课设\ConsoleApplication8\ConsoleApplication8\Debug\link.write.1.tlog
G:\学习\数据结构\课设\ConsoleApplication8\ConsoleApplication8\Debug\vc110.idb
G:\学习\数据结构\课设\ConsoleApplication8\ConsoleApplication8\Debug\vc110.pdb
G:\学习\数据结构\课设\ConsoleApplication8\Debug\ConsoleApplication8.pdb
G:\学习\数据结构\课设\ConsoleApplication8\Debug\ConsoleApplication8.exe
G:\学习\数据结构\课设\ConsoleApplication8\Debug\ConsoleApplication8.ilk
