G:\学习\数据结构\课设\CONSOLEAPPLICATION6\CONSOLEAPPLICATION6\DEBUG\源.OBJ
G:\学习\数据结构\课设\CONSOLEAPPLICATION6\CONSOLEAPPLICATION6\DEBUG\VC110.PDB
G:\学习\数据结构\课设\CONSOLEAPPLICATION6\DEBUG\CONSOLEAPPLICATION6.ILK
G:\学习\数据结构\课设\CONSOLEAPPLICATION6\DEBUG\CONSOLEAPPLICATION6.EXE
G:\学习\数据结构\课设\CONSOLEAPPLICATION6\DEBUG\CONSOLEAPPLICATION6.PDB
G:\学习\数据结构\课设\ConsoleApplication6\ConsoleApplication6\Debug\源.obj
G:\学习\数据结构\课设\ConsoleApplication6\ConsoleApplication6\Debug\cl.command.1.tlog
G:\学习\数据结构\课设\ConsoleApplication6\ConsoleApplication6\Debug\CL.read.1.tlog
G:\学习\数据结构\课设\ConsoleApplication6\ConsoleApplication6\Debug\CL.write.1.tlog
G:\学习\数据结构\课设\ConsoleApplication6\ConsoleApplication6\Debug\link-cvtres.read.1.tlog
G:\学习\数据结构\课设\ConsoleApplication6\ConsoleApplication6\Debug\link-cvtres.write.1.tlog
G:\学习\数据结构\课设\ConsoleApplication6\ConsoleApplication6\Debug\link-rc.read.1.tlog
G:\学习\数据结构\课设\ConsoleApplication6\ConsoleApplication6\Debug\link-rc.write.1.tlog
G:\学习\数据结构\课设\ConsoleApplication6\ConsoleApplication6\Debug\link.command.1.tlog
G:\学习\数据结构\课设\ConsoleApplication6\ConsoleApplication6\Debug\link.read.1.tlog
G:\学习\数据结构\课设\ConsoleApplication6\ConsoleApplication6\Debug\link.write.1.tlog
G:\学习\数据结构\课设\ConsoleApplication6\ConsoleApplication6\Debug\vc110.idb
G:\学习\数据结构\课设\ConsoleApplication6\ConsoleApplication6\Debug\vc110.pdb
G:\学习\数据结构\课设\ConsoleApplication6\Debug\ConsoleApplication6.pdb
G:\学习\数据结构\课设\ConsoleApplication6\Debug\ConsoleApplication6.exe
G:\学习\数据结构\课设\ConsoleApplication6\Debug\ConsoleApplication6.ilk
