G:\学习\数据结构\课设\CONSOLEAPPLICATION2\CONSOLEAPPLICATION2\DEBUG\源.OBJ
G:\学习\数据结构\课设\CONSOLEAPPLICATION2\CONSOLEAPPLICATION2\DEBUG\VC110.PDB
G:\学习\数据结构\课设\CONSOLEAPPLICATION2\DEBUG\CONSOLEAPPLICATION2.ILK
G:\学习\数据结构\课设\CONSOLEAPPLICATION2\DEBUG\CONSOLEAPPLICATION2.EXE
G:\学习\数据结构\课设\CONSOLEAPPLICATION2\DEBUG\CONSOLEAPPLICATION2.PDB
G:\学习\数据结构\课设\ConsoleApplication2\ConsoleApplication2\Debug\源.obj
G:\学习\数据结构\课设\ConsoleApplication2\ConsoleApplication2\Debug\cl.command.1.tlog
G:\学习\数据结构\课设\ConsoleApplication2\ConsoleApplication2\Debug\CL.read.1.tlog
G:\学习\数据结构\课设\ConsoleApplication2\ConsoleApplication2\Debug\CL.write.1.tlog
G:\学习\数据结构\课设\ConsoleApplication2\ConsoleApplication2\Debug\link-cvtres.read.1.tlog
G:\学习\数据结构\课设\ConsoleApplication2\ConsoleApplication2\Debug\link-cvtres.write.1.tlog
G:\学习\数据结构\课设\ConsoleApplication2\ConsoleApplication2\Debug\link-rc.read.1.tlog
G:\学习\数据结构\课设\ConsoleApplication2\ConsoleApplication2\Debug\link-rc.write.1.tlog
G:\学习\数据结构\课设\ConsoleApplication2\ConsoleApplication2\Debug\link.command.1.tlog
G:\学习\数据结构\课设\ConsoleApplication2\ConsoleApplication2\Debug\link.read.1.tlog
G:\学习\数据结构\课设\ConsoleApplication2\ConsoleApplication2\Debug\link.write.1.tlog
G:\学习\数据结构\课设\ConsoleApplication2\ConsoleApplication2\Debug\vc110.idb
G:\学习\数据结构\课设\ConsoleApplication2\ConsoleApplication2\Debug\vc110.pdb
G:\学习\数据结构\课设\ConsoleApplication2\Debug\ConsoleApplication2.pdb
G:\学习\数据结构\课设\ConsoleApplication2\Debug\ConsoleApplication2.exe
G:\学习\数据结构\课设\ConsoleApplication2\Debug\ConsoleApplication2.ilk
