G:\学习\数据结构\课设\CONSOLEAPPLICATION1\CONSOLEAPPLICATION1\DEBUG\计算器.OBJ
G:\学习\数据结构\课设\CONSOLEAPPLICATION1\CONSOLEAPPLICATION1\DEBUG\VC110.PDB
G:\学习\数据结构\课设\CONSOLEAPPLICATION1\DEBUG\简易计算器.ILK
G:\学习\数据结构\课设\CONSOLEAPPLICATION1\DEBUG\简易计算器.EXE
G:\学习\数据结构\课设\CONSOLEAPPLICATION1\DEBUG\简易计算器.PDB
G:\学习\数据结构\课设\ConsoleApplication1\ConsoleApplication1\Debug\计算器.obj
G:\学习\数据结构\课设\ConsoleApplication1\ConsoleApplication1\Debug\cl.command.1.tlog
G:\学习\数据结构\课设\ConsoleApplication1\ConsoleApplication1\Debug\CL.read.1.tlog
G:\学习\数据结构\课设\ConsoleApplication1\ConsoleApplication1\Debug\CL.write.1.tlog
G:\学习\数据结构\课设\ConsoleApplication1\ConsoleApplication1\Debug\link-cvtres.read.1.tlog
G:\学习\数据结构\课设\ConsoleApplication1\ConsoleApplication1\Debug\link-cvtres.write.1.tlog
G:\学习\数据结构\课设\ConsoleApplication1\ConsoleApplication1\Debug\link-rc.read.1.tlog
G:\学习\数据结构\课设\ConsoleApplication1\ConsoleApplication1\Debug\link-rc.write.1.tlog
G:\学习\数据结构\课设\ConsoleApplication1\ConsoleApplication1\Debug\link.command.1.tlog
G:\学习\数据结构\课设\ConsoleApplication1\ConsoleApplication1\Debug\link.read.1.tlog
G:\学习\数据结构\课设\ConsoleApplication1\ConsoleApplication1\Debug\link.write.1.tlog
G:\学习\数据结构\课设\ConsoleApplication1\ConsoleApplication1\Debug\vc110.idb
G:\学习\数据结构\课设\ConsoleApplication1\ConsoleApplication1\Debug\vc110.pdb
G:\学习\数据结构\课设\ConsoleApplication1\Debug\简易计算器.pdb
G:\学习\数据结构\课设\ConsoleApplication1\Debug\简易计算器.exe
G:\学习\数据结构\课设\ConsoleApplication1\Debug\简易计算器.ilk
