G:\学习\数据结构\课设\CONSOLEAPPLICATION4\CONSOLEAPPLICATION4\DEBUG\源.OBJ
G:\学习\数据结构\课设\CONSOLEAPPLICATION4\CONSOLEAPPLICATION4\DEBUG\VC110.PDB
G:\学习\数据结构\课设\CONSOLEAPPLICATION4\DEBUG\CONSOLEAPPLICATION4.ILK
G:\学习\数据结构\课设\CONSOLEAPPLICATION4\DEBUG\CONSOLEAPPLICATION4.EXE
G:\学习\数据结构\课设\CONSOLEAPPLICATION4\DEBUG\CONSOLEAPPLICATION4.PDB
G:\学习\数据结构\课设\ConsoleApplication4\ConsoleApplication4\Debug\源.obj
G:\学习\数据结构\课设\ConsoleApplication4\ConsoleApplication4\Debug\cl.command.1.tlog
G:\学习\数据结构\课设\ConsoleApplication4\ConsoleApplication4\Debug\CL.read.1.tlog
G:\学习\数据结构\课设\ConsoleApplication4\ConsoleApplication4\Debug\CL.write.1.tlog
G:\学习\数据结构\课设\ConsoleApplication4\ConsoleApplication4\Debug\link-cvtres.read.1.tlog
G:\学习\数据结构\课设\ConsoleApplication4\ConsoleApplication4\Debug\link-cvtres.write.1.tlog
G:\学习\数据结构\课设\ConsoleApplication4\ConsoleApplication4\Debug\link-rc.read.1.tlog
G:\学习\数据结构\课设\ConsoleApplication4\ConsoleApplication4\Debug\link-rc.write.1.tlog
G:\学习\数据结构\课设\ConsoleApplication4\ConsoleApplication4\Debug\link.command.1.tlog
G:\学习\数据结构\课设\ConsoleApplication4\ConsoleApplication4\Debug\link.read.1.tlog
G:\学习\数据结构\课设\ConsoleApplication4\ConsoleApplication4\Debug\link.write.1.tlog
G:\学习\数据结构\课设\ConsoleApplication4\ConsoleApplication4\Debug\vc110.idb
G:\学习\数据结构\课设\ConsoleApplication4\ConsoleApplication4\Debug\vc110.pdb
G:\学习\数据结构\课设\ConsoleApplication4\Debug\ConsoleApplication4.pdb
G:\学习\数据结构\课设\ConsoleApplication4\Debug\ConsoleApplication4.exe
G:\学习\数据结构\课设\ConsoleApplication4\Debug\ConsoleApplication4.ilk
